<?xml version="1.0" encoding="UTF-8"?>
<!-- Generated by org.testng.reporters.JUnitReportReporter -->
<testsuite hostname="LAPTOP-E8M4K11U" failures="0" tests="1" name="Cucumber.TestRunner" time="7.987" errors="0" timestamp="2023-04-10T01:34:54 IST" skipped="0">
  <testcase classname="Cucumber.TestRunner" name="runScenario" time="7.987"/>
  <system-out/>
</testsuite> <!-- Cucumber.TestRunner -->
