<?xml version="1.0" encoding="UTF-8"?>
<!-- Generated by org.testng.reporters.JUnitReportReporter -->
<testsuite hostname="USPUNKIKATKAR1" failures="0" tests="1" name="com.wa.ModifiedOnline.TestCases.SimpleLogin" time="5.047" errors="0" timestamp="2024-03-13T21:22:24 IST" skipped="0">
  <testcase classname="com.wa.ModifiedOnline.TestCases.SimpleLogin" name="simpleLogin" time="5.047"/>
  <system-out/>
</testsuite> <!-- com.wa.ModifiedOnline.TestCases.SimpleLogin -->
