<?xml version="1.0" encoding="UTF-8"?>
<!-- Generated by org.testng.reporters.JUnitReportReporter -->
<testsuite hostname="USPUNKIKATKAR1" failures="0" tests="1" name="Cucumber.TestRunner" time="23.061" errors="0" timestamp="2024-03-12T02:11:25 IST" skipped="0">
  <testcase classname="Cucumber.TestRunner" name="runScenario" time="23.061"/>
  <system-out/>
</testsuite> <!-- Cucumber.TestRunner -->
