<?xml version="1.0" encoding="UTF-8"?>
<!-- Generated by org.testng.reporters.JUnitReportReporter -->
<testsuite hostname="USPUNKIKATKAR1" failures="0" tests="1" name="com.wa.ModifiedOnline.TestCases.SimpleLogin" time="2.132" errors="0" timestamp="2024-03-12T06:18:18 IST" skipped="0">
  <testcase classname="com.wa.ModifiedOnline.TestCases.SimpleLogin" name="simpleLogin" time="2.132"/>
  <system-out/>
</testsuite> <!-- com.wa.ModifiedOnline.TestCases.SimpleLogin -->
